<?xml version="1.0" ?>
<!DOCTYPE coverage SYSTEM "http://cobertura.sourceforge.net/xml/coverage-04.dtd">
<coverage lines-valid="23" lines-covered="22" line-rate="0.9565" branches-valid="0" branches-covered="0" branch-rate="1" timestamp="1658090023619" complexity="0" version="0.1">
  <sources>
    <source>/opt/www/react-boilerplate</source>
  </sources>
  <packages>
    <package name="src" line-rate="1" branch-rate="1">
      <classes>
        <class name="App.js" filename="src/App.js" line-rate="1" branch-rate="1">
          <methods>
            <method name="App" hits="1" signature="()V">
              <lines>
                <line number="10" hits="1"/>
              </lines>
            </method>
          </methods>
          <lines>
            <line number="11" hits="1" branch="false"/>
          </lines>
        </class>
      </classes>
    </package>
    <package name="src.overrides" line-rate="0.8571" branch-rate="1">
      <classes>
        <class name="index.js" filename="src/overrides/index.js" line-rate="1" branch-rate="1">
          <methods>
          </methods>
          <lines>
          </lines>
        </class>
        <class name="mui-button.js" filename="src/overrides/mui-button.js" line-rate="0.8571" branch-rate="1">
          <methods>
            <method name="(anonymous_0)" hits="3" signature="()V">
              <lines>
                <line number="29" hits="3"/>
              </lines>
            </method>
            <method name="(anonymous_1)" hits="2" signature="()V">
              <lines>
                <line number="44" hits="2"/>
              </lines>
            </method>
            <method name="(anonymous_2)" hits="1" signature="()V">
              <lines>
                <line number="62" hits="1"/>
              </lines>
            </method>
            <method name="(anonymous_3)" hits="1" signature="()V">
              <lines>
                <line number="79" hits="1"/>
              </lines>
            </method>
            <method name="(anonymous_4)" hits="0" signature="()V">
              <lines>
                <line number="97" hits="0"/>
              </lines>
            </method>
          </methods>
          <lines>
            <line number="5" hits="2" branch="false"/>
            <line number="26" hits="2" branch="false"/>
            <line number="29" hits="3" branch="false"/>
            <line number="44" hits="2" branch="false"/>
            <line number="62" hits="1" branch="false"/>
            <line number="79" hits="1" branch="false"/>
            <line number="97" hits="0" branch="false"/>
          </lines>
        </class>
      </classes>
    </package>
    <package name="src.theme" line-rate="1" branch-rate="1">
      <classes>
        <class name="colors.js" filename="src/theme/colors.js" line-rate="1" branch-rate="1">
          <methods>
          </methods>
          <lines>
            <line number="1" hits="2" branch="false"/>
            <line number="10" hits="2" branch="false"/>
            <line number="25" hits="2" branch="false"/>
          </lines>
        </class>
        <class name="constants.js" filename="src/theme/constants.js" line-rate="1" branch-rate="1">
          <methods>
          </methods>
          <lines>
            <line number="1" hits="2" branch="false"/>
            <line number="2" hits="2" branch="false"/>
          </lines>
        </class>
        <class name="index.js" filename="src/theme/index.js" line-rate="1" branch-rate="1">
          <methods>
          </methods>
          <lines>
          </lines>
        </class>
        <class name="palette.js" filename="src/theme/palette.js" line-rate="1" branch-rate="1">
          <methods>
          </methods>
          <lines>
          </lines>
        </class>
        <class name="theme.js" filename="src/theme/theme.js" line-rate="1" branch-rate="1">
          <methods>
          </methods>
          <lines>
            <line number="7" hits="2" branch="false"/>
          </lines>
        </class>
        <class name="typography.js" filename="src/theme/typography.js" line-rate="1" branch-rate="1">
          <methods>
          </methods>
          <lines>
          </lines>
        </class>
      </classes>
    </package>
    <package name="src.utils" line-rate="1" branch-rate="1">
      <classes>
        <class name="styles.js" filename="src/utils/styles.js" line-rate="1" branch-rate="1">
          <methods>
            <method name="(anonymous_0)" hits="43" signature="()V">
              <lines>
                <line number="9" hits="43"/>
              </lines>
            </method>
            <method name="(anonymous_1)" hits="1" signature="()V">
              <lines>
                <line number="21" hits="1"/>
              </lines>
            </method>
          </methods>
          <lines>
            <line number="9" hits="2" branch="false"/>
            <line number="10" hits="43" branch="false"/>
            <line number="21" hits="2" branch="false"/>
            <line number="22" hits="1" branch="false"/>
            <line number="24" hits="1" branch="false"/>
            <line number="25" hits="1" branch="false"/>
            <line number="26" hits="1" branch="false"/>
            <line number="28" hits="1" branch="false"/>
            <line number="30" hits="1" branch="false"/>
          </lines>
        </class>
      </classes>
    </package>
  </packages>
</coverage>
